
================================================================
======== Log Rotated - 6/6/2023, 12:00:00 AM                    
================================================================
[00:00:07] [SCHEDULER] Restarting server (scheduled restart at 00:00).
[08:00:19] [SCHEDULER] Restarting server (scheduled restart at 08:00).
[16:00:33] [SCHEDULER] Restarting server (scheduled restart at 16:00).
[00:00:46] [SCHEDULER] Restarting server (scheduled restart at 00:00).
[08:00:59] [SCHEDULER] Restarting server (scheduled restart at 08:00).
[16:00:13] [SCHEDULER] Restarting server (scheduled restart at 16:00).
[00:00:25] [SCHEDULER] Restarting server (scheduled restart at 00:00).
[08:00:39] [SCHEDULER] Restarting server (scheduled restart at 08:00).
[09:46:56] [MakemSalty] logged in from 127.0.0.1 via citizenfx
[09:47:10] [MakemSalty] STOP SERVER
[09:47:17] [MakemSalty] START SERVER
[16:00:51] [SCHEDULER] Restarting server (scheduled restart at 16:00).
[00:00:03] [SCHEDULER] Restarting server (scheduled restart at 00:00).
[08:00:16] [SCHEDULER] Restarting server (scheduled restart at 08:00).
[16:00:28] [SCHEDULER] Restarting server (scheduled restart at 16:00).
[00:00:41] [SCHEDULER] Restarting server (scheduled restart at 00:00).
[08:00:54] [SCHEDULER] Restarting server (scheduled restart at 08:00).
[16:00:06] [SCHEDULER] Restarting server (scheduled restart at 16:00).
[00:00:19] [SCHEDULER] Restarting server (scheduled restart at 00:00).
[08:00:31] [SCHEDULER] Restarting server (scheduled restart at 08:00).
[16:00:45] [SCHEDULER] Restarting server (scheduled restart at 16:00).
[00:00:59] [SCHEDULER] Restarting server (scheduled restart at 00:00).
[08:00:12] [SCHEDULER] Restarting server (scheduled restart at 08:00).
[16:00:25] [SCHEDULER] Restarting server (scheduled restart at 16:00).
