
================================================================
======== Log Rotated - 6/20/2023, 12:00:00 AM                   
================================================================
[00:00:12] [SCHEDULER] Restarting server (scheduled restart at 00:00).
[08:00:25] [SCHEDULER] Restarting server (scheduled restart at 08:00).
[16:00:37] [SCHEDULER] Restarting server (scheduled restart at 16:00).
[00:00:50] [SCHEDULER] Restarting server (scheduled restart at 00:00).
[08:00:03] [SCHEDULER] Restarting server (scheduled restart at 08:00).
[16:00:15] [SCHEDULER] Restarting server (scheduled restart at 16:00).
[00:00:27] [SCHEDULER] Restarting server (scheduled restart at 00:00).
[08:00:40] [SCHEDULER] Restarting server (scheduled restart at 08:00).
[16:00:52] [SCHEDULER] Restarting server (scheduled restart at 16:00).
[23:25:28] [MakemSalty] logged in from 127.0.0.1 via citizenfx
[23:28:22] [MakemSalty] RESTART SERVER
[23:29:07] [MakemSalty] RESTART SERVER
[23:34:46] [MakemSalty] logged in via in-game ui
[23:53:45] [MakemSalty] Changing monitor settings.
[23:53:54] [MakemSalty] RESTART SERVER
[23:54:32] [MakemSalty] RESTART SERVER
[23:59:25] [MakemSalty] RESTART SERVER
[00:02:44] [MakemSalty] logged in via in-game ui
[00:31:12] [MakemSalty] RESTART SERVER
[00:52:54] [MakemSalty] logged in via in-game ui
[01:47:16] [MakemSalty] RESTART SERVER
[01:53:08] [MakemSalty] logged in via in-game ui
[01:54:54] [MakemSalty] logged in via in-game ui
[02:12:54] [MakemSalty] RESTART SERVER
[02:16:12] [MakemSalty] logged in via in-game ui
[02:36:54] [MakemSalty] RESTART SERVER
[02:38:18] [MakemSalty] logged in via in-game ui
[02:57:45] [MakemSalty] RESTART SERVER
[02:59:25] [MakemSalty] logged in via in-game ui
[03:04:05] [MakemSalty] RESTART SERVER
[03:05:19] [MakemSalty] logged in via in-game ui
[03:06:28] [MakemSalty] RESTART SERVER
[03:09:41] [MakemSalty] RESTART SERVER
[03:10:58] [MakemSalty] logged in via in-game ui
[03:11:29] [MakemSalty] RESTART SERVER
[03:13:12] [MakemSalty] RESTART SERVER
[03:14:29] [MakemSalty] logged in via in-game ui
[03:18:28] [MakemSalty] RESTART SERVER
[03:19:57] [MakemSalty] RESTART SERVER
[03:21:21] [MakemSalty] logged in via in-game ui
[03:42:26] [MakemSalty] logged in via in-game ui
[03:47:09] [MakemSalty] RESTART SERVER
[03:48:20] [MakemSalty] logged in via in-game ui
[03:53:52] [MakemSalty] RESTART SERVER
[03:54:51] [MakemSalty] logged in via in-game ui
[03:56:33] [MakemSalty] logged in via in-game ui
[03:59:32] [MakemSalty] RESTART SERVER
[04:01:10] [MakemSalty] logged in via in-game ui
[04:06:12] [MakemSalty] RESTART SERVER
[04:07:25] [MakemSalty] logged in via in-game ui
[04:10:23] [MakemSalty] RESTART SERVER
[04:12:09] [MakemSalty] logged in via in-game ui
[04:12:10] [MakemSalty] RESTART SERVER
[04:13:34] [MakemSalty] logged in via in-game ui
[04:16:05] [MakemSalty] RESTART SERVER
[04:17:26] [MakemSalty] logged in via in-game ui
[04:17:44] [MakemSalty] RESTART SERVER
[04:19:06] [MakemSalty] logged in via in-game ui
[04:35:00] [MakemSalty] RESTART SERVER
[04:47:42] [MakemSalty] logged in via in-game ui
[16:34:05] [MakemSalty] logged in via in-game ui
[17:09:33] [MakemSalty] RESTART SERVER
[17:11:42] [MakemSalty] logged in via in-game ui
[17:40:06] [MakemSalty] logged in via in-game ui
[17:45:59] [MakemSalty] logged in via in-game ui
[17:55:34] [MakemSalty] RESTART SERVER
[17:57:23] [MakemSalty] logged in via in-game ui
[18:10:49] [MakemSalty] logged in via in-game ui
[19:30:29] [MakemSalty] logged in via in-game ui
[19:34:32] [MakemSalty] RESTART SERVER
[19:37:48] [MakemSalty] RESTART SERVER
[19:38:56] [MakemSalty] RESTART SERVER
[19:40:10] [MakemSalty] logged in via in-game ui
[19:44:16] [MakemSalty] logged in via in-game ui
[20:02:31] [MakemSalty] RESTART SERVER
[20:11:22] [MakemSalty] RESTART SERVER
[20:16:37] [MakemSalty] RESTART SERVER
[20:18:15] [MakemSalty] logged in via in-game ui
[20:21:24] [MakemSalty] logged in via in-game ui
[20:25:05] [MakemSalty] RESTART SERVER
[20:32:40] [MakemSalty] RESTART SERVER
[20:34:15] [MakemSalty] logged in via in-game ui
[20:36:20] [MakemSalty] logged in via in-game ui

================================================================
======== txAdmin Starting - 6/23/2023, 10:27:40 PM              
================================================================
[22:28:20] [MakemSalty] logged in from 127.0.0.1 via citizenfx
[22:30:28] [MakemSalty] logged in via in-game ui
[23:07:21] [MakemSalty] RESTART SERVER
[23:09:01] [MakemSalty] RESTART SERVER
[23:10:19] [MakemSalty] logged in via in-game ui
[23:12:26] [MakemSalty] logged in via in-game ui
[00:10:30] [MakemSalty] logged in via in-game ui

================================================================
======== txAdmin Starting - 6/24/2023, 12:33:00 AM              
================================================================
[00:34:10] [MONITOR] Restarting server (server close detected).
[00:35:17] [MONITOR] Restarting server (server failed to start within time limit - 60s, no onResourceStarting received).
[00:36:23] [MONITOR] Restarting server (server failed to start within time limit - 60s, no onResourceStarting received).
[00:37:30] [MONITOR] Restarting server (server failed to start within time limit - 60s, no onResourceStarting received).
[00:38:35] [MONITOR] Restarting server (server failed to start within time limit - 60s, no onResourceStarting received).
[00:39:41] [MONITOR] Restarting server (server failed to start within time limit - 60s, no onResourceStarting received).
[00:40:48] [MONITOR] Restarting server (server failed to start within time limit - 60s, no onResourceStarting received).
[00:49:48] [MakemSalty] logged in from 127.0.0.1 via citizenfx
[00:49:54] [MakemSalty] RESTART SERVER
[00:51:14] [MakemSalty] RESTART SERVER
[00:53:13] [MakemSalty] logged in via in-game ui

================================================================
======== txAdmin Starting - 6/24/2023, 1:24:07 AM               
================================================================
[01:24:23] [MakemSalty] logged in from 127.0.0.1 via citizenfx
[01:25:40] [MakemSalty] RESTART SERVER
[01:28:18] [MakemSalty] RESTART SERVER
[01:30:24] [MakemSalty] logged in via in-game ui
[01:51:16] [MakemSalty] RESTART SERVER
[01:55:20] [MakemSalty] logged in via in-game ui
[02:01:52] [MakemSalty] RESTART SERVER
[02:03:30] [MakemSalty] logged in via in-game ui
[02:07:51] [MakemSalty] RESTART SERVER
[02:09:03] [MakemSalty] logged in via in-game ui
[02:11:35] [MakemSalty] logged in via in-game ui
[02:16:15] [MakemSalty] RESTART SERVER
[02:17:51] [MakemSalty] logged in via in-game ui
[02:21:18] [MakemSalty] RESTART SERVER
[02:25:11] [MakemSalty] logged in via in-game ui
[02:51:39] [MakemSalty] RESTART SERVER
[02:53:59] [MakemSalty] logged in via in-game ui
[03:17:44] [MakemSalty] RESTART SERVER
[03:18:43] [MakemSalty] logged in via in-game ui
[03:22:19] [MakemSalty] logged in via in-game ui
[04:01:59] [MakemSalty] RESTART SERVER
[04:03:26] [MakemSalty] logged in via in-game ui
[15:45:48] [MakemSalty] logged in via in-game ui
[17:38:23] [MakemSalty] logged in via in-game ui
[17:55:43] [MakemSalty] RESTART SERVER
[17:58:32] [MakemSalty] logged in via in-game ui
[21:42:52] [MakemSalty] logged in via in-game ui
[21:52:55] [MakemSalty] RESTART SERVER
[21:55:12] [MakemSalty] logged in via in-game ui
[22:14:56] [MakemSalty] RESTART SERVER
[22:16:54] [MakemSalty] logged in via in-game ui
[01:00:24] [MakemSalty] logged in via in-game ui
[01:34:47] [MakemSalty] logged in from 127.0.0.1 via citizenfx
[01:34:47] [MakemSalty] logged in via in-game ui
[01:40:41] [MakemSalty] RESTART SERVER
[01:43:36] [MakemSalty] logged in via in-game ui
[01:45:42] [MakemSalty] stop bcc-oil
[01:56:53] [MakemSalty] logged in via in-game ui
[16:22:16] [MakemSalty] RESTART SERVER
[22:31:21] [MakemSalty] RESTART SERVER
[16:12:01] [MakemSalty] logged in from 127.0.0.1 via citizenfx
[15:13:39] [MakemSalty] logged in via in-game ui
