
================================================================
======== Log Rotated - 6/28/2023, 12:00:02 AM                   
================================================================
[38;5;21m[   script:rsg-trader] Market Trader Cycle Complete
[38;5;21m[   script:rsg-trader] Market Trader Cycle Complete
[38;5;21m[   script:rsg-trader] Market Trader Cycle Complete
[38;5;21m[   script:rsg-trader] Market Trader Cycle Complete
[38;5;21m[   script:rsg-trader] Market Trader Cycle Complete
[38;5;21m[   script:rsg-trader] Market Trader Cycle Complete
[38;5;21m[   script:rsg-trader] Market Trader Cycle Complete
[38;5;21m[   script:rsg-trader] Market Trader Cycle Complete
[38;5;21m[   script:rsg-trader] Market Trader Cycle Complete
[38;5;21m[   script:rsg-trader] Market Trader Cycle Complete
[38;5;21m[   script:rsg-trader] Market Trader Cycle Complete
[38;5;21m[   script:rsg-trader] Market Trader Cycle Complete
[38;5;21m[   script:rsg-trader] Market Trader Cycle Complete
[38;5;21m[   script:rsg-trader] Market Trader Cycle Complete
[   script:rsg-trader] Market Trader Cycle Complete
[38;5;21m[   script:rsg-trader] Market Trader Cycle Complete
> txaEvent "adminsUpdated" "[]"
[38;5;21m[   script:rsg-trader] Market Trader Cycle Complete
[38;5;21m[   script:rsg-trader] Market Trader Cycle Complete
[38;5;21m[   script:rsg-trader] Market Trader Cycle Complete
[38;5;21m[   script:rsg-trader] Market Trader Cycle Complete
[38;5;21m[   script:rsg-trader] Market Trader Cycle Complete
[38;5;21m[   script:rsg-trader] Market Trader Cycle Complete
[38;5;21m[   script:rsg-trader] Market Trader Cycle Complete
[38;5;21m[   script:rsg-trader] Market Trader Cycle Complete
