
================================================================
======== Log Rotated - 6/27/2023, 12:00:00 AM                   
================================================================
[ script:connectqueue] QUEUE: YT_MakemSalty[steam:110000146195b8c] was removed from the connecting queue because they timed out
[38;5;21m[   script:rsg-trader] Market Trader Cycle Complete
[38;5;21m[   script:rsg-trader] Market Trader Cycle Complete
[38;5;21m[   script:rsg-trader] Market Trader Cycle Complete
[38;5;21m[   script:rsg-trader] Market Trader Cycle Complete
[38;5;21m[   script:rsg-trader] Market Trader Cycle Complete
[38;5;21m[   script:rsg-trader] Market Trader Cycle Complete
[38;5;21m[   script:rsg-trader] Market Trader Cycle Complete
[38;5;21m[   script:rsg-trader] Market Trader Cycle Complete
[38;5;21m[   script:rsg-trader] Market Trader Cycle Complete
[38;5;21m[   script:rsg-trader] Market Trader Cycle Complete
[38;5;21m[   script:rsg-trader] Market Trader Cycle Complete
[   script:rsg-trader] Market Trader Cycle Complete
[38;5;21m[   script:rsg-trader] Market Trader Cycle Complete
[38;5;21m[   script:rsg-trader] Market Trader Cycle Complete
[38;5;21m[   script:rsg-trader] Market Trader Cycle Complete
[38;5;21m[   script:rsg-trader] Market Trader Cycle Complete
[38;5;21m[   script:rsg-trader] Market Trader Cycle Complete
[38;5;21m[   script:rsg-trader] Market Trader Cycle Complete
[38;5;21m[   script:rsg-trader] Market Trader Cycle Complete
[   script:rsg-trader] Market Trader Cycle Complete
[38;5;21m[   script:rsg-trader] Market Trader Cycle Complete
[ script:connectqueue] QUEUE: Xenonaxel[steam:110000105da47fa] was placed 1/1 in queue
[ script:connectqueue] QUEUE: Xenonaxel[steam:110000105da47fa] is loading into the server
[ script:connectqueue] QUEUE: Xenonaxel[steam:110000105da47fa] was removed from the connecting queue because they timed out
[38;5;21m[   script:rsg-trader] Market Trader Cycle Complete
[ script:connectqueue] QUEUE: xenon[license:6a66e80860481374a8e87fe0e1d2102ffeaeadd0] was placed 1/1 in queue
[ script:connectqueue] QUEUE: xenon[license:6a66e80860481374a8e87fe0e1d2102ffeaeadd0] is loading into the server
[ script:connectqueue] QUEUE: xenon[license:6a66e80860481374a8e87fe0e1d2102ffeaeadd0] was placed 1/1 in queue
[ script:connectqueue] QUEUE: xenon[license:6a66e80860481374a8e87fe0e1d2102ffeaeadd0] was removed from the connecting queue because they timed out
[38;5;21m[   script:rsg-trader] Market Trader Cycle Complete
[38;5;21m[   script:rsg-trader] Market Trader Cycle Complete
