
================================================================
======== Log Rotated - 6/29/2023, 12:00:02 AM                   
================================================================
[38;5;21m[   script:rsg-trader] Market Trader Cycle Complete
[38;5;21m[   script:rsg-trader] Market Trader Cycle Complete
[38;5;21m[   script:rsg-trader] Market Trader Cycle Complete
[38;5;21m[   script:rsg-trader] Market Trader Cycle Complete
[38;5;21m[   script:rsg-trader] Market Trader Cycle Complete
[38;5;21m[   script:rsg-trader] Market Trader Cycle Complete
[38;5;21m[   script:rsg-trader] Market Trader Cycle Complete
[38;5;21m[   script:rsg-trader] Market Trader Cycle Complete
[38;5;21m[   script:rsg-trader] Market Trader Cycle Complete
[38;5;21m[   script:rsg-trader] Market Trader Cycle Complete
[38;5;21m[   script:rsg-trader] Market Trader Cycle Complete
[38;5;21m[   script:rsg-trader] Market Trader Cycle Complete
[38;5;21m[   script:rsg-trader] Market Trader Cycle Complete
[38;5;21m[   script:rsg-trader] Market Trader Cycle Complete
[38;5;21m[   script:rsg-trader] Market Trader Cycle Complete
[ script:connectqueue] QUEUE: YT_MakemSalty[steam:110000146195b8c] was placed 1/1 in queue
[ script:connectqueue] QUEUE: YT_MakemSalty[steam:110000146195b8c] is loading into the server
[38;5;109m[     script:rsg-core] [rsg-core:LOG] YT_MakemSalty PLAYER SAVED!
[script:rsg-multichar] [rsg-core] YT_MakemSalty (Citizen ID: SWM92973) has succesfully loaded!
[     script:rsg-core] [rsg-core:LOG] YT_MakemSalty PLAYER SAVED!
[     script:rsg-core] [rsg-core:LOG] YT_MakemSalty PLAYER SAVED!
[     script:rsg-core] [0m[rsg-core:LOG] YT_MakemSalty PLAYER SAVED!
[38;5;21m[   script:rsg-trader] Market Trader Cycle Complete
[38;5;21m[   script:rsg-trader] Market Trader Cycle Complete
[   script:rsg-trader] Market Trader Cycle Complete
[38;5;21m[   script:rsg-trader] Market Trader Cycle Complete
[38;5;21m[   script:rsg-trader] Market Trader Cycle Complete
[38;5;21m[   script:rsg-trader] Market Trader Cycle Complete
[38;5;21m[   script:rsg-trader] Market Trader Cycle Complete
[   script:rsg-trader] Market Trader Cycle Complete
[38;5;21m[   script:rsg-trader] Market Trader Cycle Complete
