
================================================================
======== Log Rotated - 6/24/2023, 12:00:00 AM                   
================================================================
[12:00:41 AM] [FY67g#5] Miss Haines: joined with identifiers [steam:110000104462228; license:ff90e76853ba3cb7b61ea53d245df36484577efd; xbl:2533274941981778; live:305077099818027; discord:357930798491369483; fivem:9521097; license2:ff90e76853ba3cb7b61ea53d245df36484577efd]
[12:09:32 AM] [FY67g#6] YT_MakemSalty: joined with identifiers [steam:110000146195b8c; license:b1aad01718f2b09e1ddd71216edaae3a4a0e069a; xbl:2535417818630832; live:1055522556527915; discord:785359605185118218; fivem:9148160; license2:b1aad01718f2b09e1ddd71216edaae3a4a0e069a]

================================================================
======== txAdmin Starting - 6/24/2023, 12:33:00 AM              
================================================================
[12:41:14 AM] txAdmin: Logger started
[12:50:05 AM] txAdmin: Logger started
[12:51:26 AM] txAdmin: Logger started
[12:52:28 AM] [7nmPh#1] YT_MakemSalty: joined with identifiers [steam:110000146195b8c; license:b1aad01718f2b09e1ddd71216edaae3a4a0e069a; xbl:2535417818630832; live:1055522556527915; discord:785359605185118218; fivem:9148160; license2:b1aad01718f2b09e1ddd71216edaae3a4a0e069a]
[12:55:36 AM] [7nmPh#2] goin: joined with identifiers [steam:1100001428dfcf6; license:d0cb4627c717599b38fbe07a0632cd57f87833f8; xbl:2535419810675224; live:914801424494435; discord:234467087945433088; license2:d0cb4627c717599b38fbe07a0632cd57f87833f8]
[12:58:03 AM] [7nmPh#3] Miss Haines: joined with identifiers [steam:110000104462228; license:ff90e76853ba3cb7b61ea53d245df36484577efd; xbl:2533274941981778; live:305077099818027; discord:357930798491369483; fivem:9521097; license2:ff90e76853ba3cb7b61ea53d245df36484577efd]
[1:18:01 AM] [7nmPh#2] goin: disconnected (Game crashed: RDR2_b1491.exe!sub_142C00CD8 (0x65))
[1:18:44 AM] [7nmPh#3] Miss Haines: disconnected (Server->client connection timed out. Last seen 53937 msec ago.)
[1:22:57 AM] [7nmPh#1] YT_MakemSalty: disconnected (Server->client connection timed out. Last seen 49253 msec ago.)

================================================================
======== txAdmin Starting - 6/24/2023, 1:24:07 AM               
================================================================
[1:24:15 AM] txAdmin: Logger started
[1:25:51 AM] txAdmin: Logger started
[1:28:30 AM] txAdmin: Logger started
[1:29:43 AM] [tkcE8#1] YT_MakemSalty: joined with identifiers [steam:110000146195b8c; license:b1aad01718f2b09e1ddd71216edaae3a4a0e069a; xbl:2535417818630832; live:1055522556527915; discord:785359605185118218; fivem:9148160; license2:b1aad01718f2b09e1ddd71216edaae3a4a0e069a]
[1:32:58 AM] [tkcE8#1] YT_MakemSalty: disconnected (Server->client connection timed out. Last seen 44382 msec ago.)
[1:51:27 AM] txAdmin: Logger started
[1:55:07 AM] [jC4Gi#1] YT_MakemSalty: joined with identifiers [steam:110000146195b8c; license:b1aad01718f2b09e1ddd71216edaae3a4a0e069a; xbl:2535417818630832; live:1055522556527915; discord:785359605185118218; fivem:9148160; license2:b1aad01718f2b09e1ddd71216edaae3a4a0e069a]
[2:00:59 AM] [jC4Gi#1] YT_MakemSalty: said "/ense\ure rsg-core/shared/weapons.lua"
[2:01:06 AM] [jC4Gi#1] YT_MakemSalty: said "/enseure rsg-core/shared/weapons.lua"
[2:01:52 AM] [jC4Gi#1] YT_MakemSalty: disconnected ([txAdmin] Server restarting (requested by MakemSalty).)
[2:02:03 AM] txAdmin: Logger started
[2:02:51 AM] [kqEpp#1] YT_MakemSalty: joined with identifiers [steam:110000146195b8c; license:b1aad01718f2b09e1ddd71216edaae3a4a0e069a; xbl:2535417818630832; live:1055522556527915; discord:785359605185118218; fivem:9148160; license2:b1aad01718f2b09e1ddd71216edaae3a4a0e069a]
[2:07:51 AM] [kqEpp#1] YT_MakemSalty: disconnected ([txAdmin] Server restarting (requested by MakemSalty).)
[2:08:03 AM] txAdmin: Logger started
[2:08:43 AM] [bcC7B#1] YT_MakemSalty: joined with identifiers [steam:110000146195b8c; license:b1aad01718f2b09e1ddd71216edaae3a4a0e069a; xbl:2535417818630832; live:1055522556527915; discord:785359605185118218; fivem:9148160; license2:b1aad01718f2b09e1ddd71216edaae3a4a0e069a]
[2:10:36 AM] [bcC7B#1] YT_MakemSalty: disconnected (Server->client connection timed out. Last seen 52019 msec ago.)
[2:11:21 AM] [bcC7B#2] YT_MakemSalty: joined with identifiers [steam:110000146195b8c; license:b1aad01718f2b09e1ddd71216edaae3a4a0e069a; xbl:2535417818630832; live:1055522556527915; discord:785359605185118218; fivem:9148160; license2:b1aad01718f2b09e1ddd71216edaae3a4a0e069a]
[2:16:15 AM] [bcC7B#2] YT_MakemSalty: disconnected ([txAdmin] Server restarting (requested by MakemSalty).)
[2:16:26 AM] txAdmin: Logger started
[2:17:11 AM] [cQa4f#1] YT_MakemSalty: joined with identifiers [steam:110000146195b8c; license:b1aad01718f2b09e1ddd71216edaae3a4a0e069a; xbl:2535417818630832; live:1055522556527915; discord:785359605185118218; fivem:9148160; license2:b1aad01718f2b09e1ddd71216edaae3a4a0e069a]
[2:21:18 AM] [cQa4f#1] YT_MakemSalty: disconnected ([txAdmin] Server restarting (requested by MakemSalty).)
[2:21:29 AM] txAdmin: Logger started
[2:24:31 AM] [VGG7x#1] YT_MakemSalty: joined with identifiers [steam:110000146195b8c; license:b1aad01718f2b09e1ddd71216edaae3a4a0e069a; xbl:2535417818630832; live:1055522556527915; discord:785359605185118218; fivem:9148160; license2:b1aad01718f2b09e1ddd71216edaae3a4a0e069a]
[2:51:39 AM] [VGG7x#1] YT_MakemSalty: disconnected ([txAdmin] Server restarting (requested by MakemSalty).)
[2:52:04 AM] txAdmin: Logger started
[2:53:21 AM] [e7NfR#1] YT_MakemSalty: joined with identifiers [steam:110000146195b8c; license:b1aad01718f2b09e1ddd71216edaae3a4a0e069a; xbl:2535417818630832; live:1055522556527915; discord:785359605185118218; fivem:9148160; license2:b1aad01718f2b09e1ddd71216edaae3a4a0e069a]
[3:17:44 AM] [e7NfR#1] YT_MakemSalty: disconnected ([txAdmin] Server restarting (requested by MakemSalty).)
[3:17:55 AM] txAdmin: Logger started
[3:18:24 AM] [kAEMx#1] YT_MakemSalty: joined with identifiers [steam:110000146195b8c; license:b1aad01718f2b09e1ddd71216edaae3a4a0e069a; xbl:2535417818630832; live:1055522556527915; discord:785359605185118218; fivem:9148160; license2:b1aad01718f2b09e1ddd71216edaae3a4a0e069a]
[3:19:53 AM] [kAEMx#1] YT_MakemSalty: disconnected (Server->client connection timed out. Last seen 30184 msec ago.)
[3:21:39 AM] [kAEMx#2] YT_MakemSalty: joined with identifiers [steam:110000146195b8c; license:b1aad01718f2b09e1ddd71216edaae3a4a0e069a; xbl:2535417818630832; live:1055522556527915; discord:785359605185118218; fivem:9148160; license2:b1aad01718f2b09e1ddd71216edaae3a4a0e069a]
[3:41:09 AM] [kAEMx#2] YT_MakemSalty: disconnected (Server->client connection timed out. Last seen 45910 msec ago.)
[4:02:11 AM] txAdmin: Logger started
[4:02:45 AM] [ebN6y#1] YT_MakemSalty: joined with identifiers [steam:110000146195b8c; license:b1aad01718f2b09e1ddd71216edaae3a4a0e069a; xbl:2535417818630832; live:1055522556527915; discord:785359605185118218; fivem:9148160; license2:b1aad01718f2b09e1ddd71216edaae3a4a0e069a]
[4:06:38 AM] [ebN6y#1] YT_MakemSalty: disconnected (Server->client connection timed out. Last seen 54997 msec ago.)
[2:00:19 PM] [ebN6y#2] ChosenCobra: joined with identifiers [steam:110000145f2254d; license:95a5975bcffe63151889c3cb8e15b37071e17045; xbl:2535467075194231; live:844425161330843; discord:1056585719671439423; license2:95a5975bcffe63151889c3cb8e15b37071e17045]
[2:11:39 PM] [ebN6y#3] JJness: joined with identifiers [steam:1100001061d007e; license:e2948bcbb3a4948c1f9d6c75306bda24472cc3a5; discord:263749673481666560; fivem:725272; license2:e2948bcbb3a4948c1f9d6c75306bda24472cc3a5]
[2:12:34 PM] [ebN6y#3] JJness: disconnected (Exiting)
[3:44:37 PM] [ebN6y#4] YT_MakemSalty: joined with identifiers [steam:110000146195b8c; license:b1aad01718f2b09e1ddd71216edaae3a4a0e069a; xbl:2535417818630832; live:1055522556527915; discord:785359605185118218; fivem:9148160; license2:b1aad01718f2b09e1ddd71216edaae3a4a0e069a]
[3:48:24 PM] [ebN6y#4] YT_MakemSalty: died from suicide
[3:58:32 PM] [ebN6y#4] YT_MakemSalty: said "/t[m"
[4:12:27 PM] [ebN6y#4] YT_MakemSalty: said "Try to Open House 44 again"
[4:12:38 PM] [ebN6y#4] YT_MakemSalty: said "^^ Cobra"
[4:32:28 PM] [ebN6y#2] ChosenCobra: disconnected (Server->client connection timed out. Last seen 32794 msec ago.)
[4:40:44 PM] [ebN6y#5] goin: joined with identifiers [steam:1100001428dfcf6; license:d0cb4627c717599b38fbe07a0632cd57f87833f8; xbl:2535419810675224; live:914801424494435; discord:234467087945433088; license2:d0cb4627c717599b38fbe07a0632cd57f87833f8]
[5:36:29 PM] [ebN6y#4] YT_MakemSalty: disconnected (Game crashed: RAGE error: 0x496AC5DF:961)
[5:37:21 PM] [ebN6y#6] YT_MakemSalty: joined with identifiers [steam:110000146195b8c; license:b1aad01718f2b09e1ddd71216edaae3a4a0e069a; xbl:2535417818630832; live:1055522556527915; discord:785359605185118218; fivem:9148160; license2:b1aad01718f2b09e1ddd71216edaae3a4a0e069a]
[5:47:11 PM] [ebN6y#6] YT_MakemSalty: said "/t[m"
[5:55:43 PM] [ebN6y#5] goin: disconnected ([txAdmin] Server restarting (requested by MakemSalty).)
[5:55:43 PM] [ebN6y#6] YT_MakemSalty: disconnected ([txAdmin] Server restarting (requested by MakemSalty).)
[5:56:08 PM] txAdmin: Logger started
[5:57:33 PM] [a36YR#1] YT_MakemSalty: joined with identifiers [steam:110000146195b8c; license:b1aad01718f2b09e1ddd71216edaae3a4a0e069a; xbl:2535417818630832; live:1055522556527915; discord:785359605185118218; fivem:9148160; license2:b1aad01718f2b09e1ddd71216edaae3a4a0e069a]
[6:00:20 PM] [a36YR#2] goin: joined with identifiers [steam:1100001428dfcf6; license:d0cb4627c717599b38fbe07a0632cd57f87833f8; xbl:2535419810675224; live:914801424494435; discord:234467087945433088; license2:d0cb4627c717599b38fbe07a0632cd57f87833f8]
[6:29:02 PM] [a36YR#1] YT_MakemSalty: died from suicide
[6:42:03 PM] [a36YR#2] goin: disconnected (Game crashed: RAGE error: 0x496AC5DF:961)
[6:43:45 PM] [a36YR#3] goin: joined with identifiers [steam:1100001428dfcf6; license:d0cb4627c717599b38fbe07a0632cd57f87833f8; xbl:2535419810675224; live:914801424494435; discord:234467087945433088; license2:d0cb4627c717599b38fbe07a0632cd57f87833f8]
[7:11:47 PM] [a36YR#3] goin: disconnected (Server->client connection timed out. Last seen 56696 msec ago.)
[7:12:27 PM] [a36YR#4] goin: joined with identifiers [steam:1100001428dfcf6; license:d0cb4627c717599b38fbe07a0632cd57f87833f8; xbl:2535419810675224; live:914801424494435; discord:234467087945433088; license2:d0cb4627c717599b38fbe07a0632cd57f87833f8]
[7:46:00 PM] [a36YR#4] goin: disconnected (Server->client connection timed out. Last seen 52744 msec ago.)
[7:47:06 PM] [a36YR#5] goin: joined with identifiers [steam:1100001428dfcf6; license:d0cb4627c717599b38fbe07a0632cd57f87833f8; xbl:2535419810675224; live:914801424494435; discord:234467087945433088; license2:d0cb4627c717599b38fbe07a0632cd57f87833f8]
[8:03:37 PM] [a36YR#5] goin: disconnected (Server->client connection timed out. Last seen 41648 msec ago.)
[8:04:54 PM] [a36YR#6] goin: joined with identifiers [steam:1100001428dfcf6; license:d0cb4627c717599b38fbe07a0632cd57f87833f8; xbl:2535419810675224; live:914801424494435; discord:234467087945433088; license2:d0cb4627c717599b38fbe07a0632cd57f87833f8]
[8:25:52 PM] [a36YR#6] goin: disconnected (Server->client connection timed out. Last seen 30302 msec ago.)
[8:26:03 PM] [a36YR#7] goin: joined with identifiers [steam:1100001428dfcf6; license:d0cb4627c717599b38fbe07a0632cd57f87833f8; xbl:2535419810675224; live:914801424494435; discord:234467087945433088; license2:d0cb4627c717599b38fbe07a0632cd57f87833f8]
[8:31:36 PM] [a36YR#7] goin: disconnected (Server->client connection timed out. Last seen 36025 msec ago.)
[8:31:57 PM] [a36YR#8] goin: joined with identifiers [steam:1100001428dfcf6; license:d0cb4627c717599b38fbe07a0632cd57f87833f8; xbl:2535419810675224; live:914801424494435; discord:234467087945433088; license2:d0cb4627c717599b38fbe07a0632cd57f87833f8]
[8:51:30 PM] [a36YR#1] YT_MakemSalty: died from suicide
[8:53:05 PM] [a36YR#8] goin: died from suicide
[8:57:23 PM] [a36YR#8] goin: said "pm"
[9:32:28 PM] [a36YR#1] YT_MakemSalty: disconnected (Server->client connection timed out. Last seen 46222 msec ago.)
[9:35:26 PM] [a36YR#8] goin: disconnected (Server->client connection timed out. Last seen 38550 msec ago.)
[9:42:02 PM] [a36YR#9] YT_MakemSalty: joined with identifiers [steam:110000146195b8c; license:b1aad01718f2b09e1ddd71216edaae3a4a0e069a; xbl:2535417818630832; live:1055522556527915; discord:785359605185118218; fivem:9148160; license2:b1aad01718f2b09e1ddd71216edaae3a4a0e069a]
[9:52:55 PM] [a36YR#9] YT_MakemSalty: disconnected ([txAdmin] Server restarting (requested by MakemSalty).)
[9:53:09 PM] txAdmin: Logger started
[9:54:10 PM] [wFVVh#1] YT_MakemSalty: joined with identifiers [steam:110000146195b8c; license:b1aad01718f2b09e1ddd71216edaae3a4a0e069a; xbl:2535417818630832; live:1055522556527915; discord:785359605185118218; fivem:9148160; license2:b1aad01718f2b09e1ddd71216edaae3a4a0e069a]
[10:07:41 PM] [wFVVh#2] goin: joined with identifiers [steam:1100001428dfcf6; license:d0cb4627c717599b38fbe07a0632cd57f87833f8; xbl:2535419810675224; live:914801424494435; discord:234467087945433088; license2:d0cb4627c717599b38fbe07a0632cd57f87833f8]
[10:14:49 PM] [wFVVh#1] YT_MakemSalty: disconnected (Game crashed: RDR2_b1491.exe!._ZN4rage10fwBasePool6DeleteEPv (0x8))
[10:14:56 PM] [wFVVh#2] goin: disconnected ([txAdmin] Server restarting (requested by MakemSalty).)
[10:15:08 PM] txAdmin: Logger started
[10:15:42 PM] [hhRWa#1] goin: joined with identifiers [steam:1100001428dfcf6; license:d0cb4627c717599b38fbe07a0632cd57f87833f8; xbl:2535419810675224; live:914801424494435; discord:234467087945433088; license2:d0cb4627c717599b38fbe07a0632cd57f87833f8]
[10:15:56 PM] [hhRWa#2] YT_MakemSalty: joined with identifiers [steam:110000146195b8c; license:b1aad01718f2b09e1ddd71216edaae3a4a0e069a; xbl:2535417818630832; live:1055522556527915; discord:785359605185118218; fivem:9148160; license2:b1aad01718f2b09e1ddd71216edaae3a4a0e069a]
[10:42:07 PM] [hhRWa#2] YT_MakemSalty: disconnected (Server->client connection timed out. Last seen 55324 msec ago.)
[11:02:59 PM] [hhRWa#1] goin: disconnected (Server->client connection timed out. Last seen 57726 msec ago.)
