
================================================================
======== Log Rotated - 6/23/2023, 12:00:00 AM                   
================================================================
[12:00:29 AM] [8pcxM#1] goin: joined with identifiers [steam:1100001428dfcf6; license:d0cb4627c717599b38fbe07a0632cd57f87833f8; xbl:2535419810675224; live:914801424494435; discord:234467087945433088; license2:d0cb4627c717599b38fbe07a0632cd57f87833f8]
[12:02:30 AM] [8pcxM#2] YT_MakemSalty: joined with identifiers [steam:110000146195b8c; license:b1aad01718f2b09e1ddd71216edaae3a4a0e069a; xbl:2535417818630832; live:1055522556527915; discord:785359605185118218; fivem:9148160; license2:b1aad01718f2b09e1ddd71216edaae3a4a0e069a]
[12:03:03 AM] [8pcxM#3] benson carlson: joined with identifiers [steam:11000010e475dbd; license:80f349fe8faf8804dda51fd05b91d5316c26adbd; xbl:2533274861288417; live:1688852914431107; discord:982721761575600148; fivem:10648297; license2:80f349fe8faf8804dda51fd05b91d5316c26adbd]
[12:27:43 AM] [8pcxM#1] goin: disconnected (Server->client connection timed out. Last seen 30520 msec ago.)
[12:28:01 AM] [8pcxM#3] benson carlson: disconnected (Server->client connection timed out. Last seen 37603 msec ago.)
[12:31:12 AM] [8pcxM#2] YT_MakemSalty: disconnected ([txAdmin] Server restarting (requested by MakemSalty).)
[12:31:24 AM] txAdmin: Logger started
[12:36:20 AM] [mXjhg#1] goin: joined with identifiers [steam:1100001428dfcf6; license:d0cb4627c717599b38fbe07a0632cd57f87833f8; xbl:2535419810675224; live:914801424494435; discord:234467087945433088; license2:d0cb4627c717599b38fbe07a0632cd57f87833f8]
[12:38:32 AM] [mXjhg#2] benson carlson: joined with identifiers [steam:11000010e475dbd; license:80f349fe8faf8804dda51fd05b91d5316c26adbd; xbl:2533274861288417; live:1688852914431107; discord:982721761575600148; fivem:10648297; license2:80f349fe8faf8804dda51fd05b91d5316c26adbd]
[12:46:05 AM] [mXjhg#1] goin: disconnected (Game crashed: RDR2_b1491.exe!._ZN4rage10fwBasePool6DeleteEPv (0x8))
[12:47:30 AM] [mXjhg#3] goin: joined with identifiers [steam:1100001428dfcf6; license:d0cb4627c717599b38fbe07a0632cd57f87833f8; xbl:2535419810675224; live:914801424494435; discord:234467087945433088; license2:d0cb4627c717599b38fbe07a0632cd57f87833f8]
[12:52:35 AM] [mXjhg#4] YT_MakemSalty: joined with identifiers [steam:110000146195b8c; license:b1aad01718f2b09e1ddd71216edaae3a4a0e069a; xbl:2535417818630832; live:1055522556527915; discord:785359605185118218; fivem:9148160; license2:b1aad01718f2b09e1ddd71216edaae3a4a0e069a]
[12:58:19 AM] [mXjhg#2] benson carlson: said "/qiut"
[12:58:29 AM] [mXjhg#2] benson carlson: disconnected (Exiting)
[1:07:06 AM] [mXjhg#3] goin: disconnected (Server->client connection timed out. Last seen 52011 msec ago.)
[1:47:16 AM] [mXjhg#4] YT_MakemSalty: disconnected ([txAdmin] Server restarting (requested by MakemSalty).)
[1:47:27 AM] txAdmin: Logger started
[1:52:47 AM] [XbtXR#1] YT_MakemSalty: joined with identifiers [steam:110000146195b8c; license:b1aad01718f2b09e1ddd71216edaae3a4a0e069a; xbl:2535417818630832; live:1055522556527915; discord:785359605185118218; fivem:9148160; license2:b1aad01718f2b09e1ddd71216edaae3a4a0e069a]
[1:53:27 AM] [XbtXR#1] YT_MakemSalty: disconnected (Game crashed: RDR2_b1491.exe!._ZN4rage16audMixerDevicePC7MixLoopEv (0x55))
[1:54:20 AM] [XbtXR#2] YT_MakemSalty: joined with identifiers [steam:110000146195b8c; license:b1aad01718f2b09e1ddd71216edaae3a4a0e069a; xbl:2535417818630832; live:1055522556527915; discord:785359605185118218; fivem:9148160; license2:b1aad01718f2b09e1ddd71216edaae3a4a0e069a]
[1:59:15 AM] [XbtXR#2] YT_MakemSalty: disconnected (Server->client connection timed out. Last seen 30844 msec ago.)
[2:13:25 AM] txAdmin: Logger started
[2:15:31 AM] [wTUwp#1] YT_MakemSalty: joined with identifiers [steam:110000146195b8c; license:b1aad01718f2b09e1ddd71216edaae3a4a0e069a; xbl:2535417818630832; live:1055522556527915; discord:785359605185118218; fivem:9148160; license2:b1aad01718f2b09e1ddd71216edaae3a4a0e069a]
[2:36:54 AM] [wTUwp#1] YT_MakemSalty: disconnected ([txAdmin] Server restarting (requested by MakemSalty).)
[2:37:06 AM] txAdmin: Logger started
[2:37:55 AM] [xfHP9#1] YT_MakemSalty: joined with identifiers [steam:110000146195b8c; license:b1aad01718f2b09e1ddd71216edaae3a4a0e069a; xbl:2535417818630832; live:1055522556527915; discord:785359605185118218; fivem:9148160; license2:b1aad01718f2b09e1ddd71216edaae3a4a0e069a]
[2:38:38 AM] [xfHP9#1] YT_MakemSalty: disconnected (Game crashed: ntdll.dll!RtlpWaitOnCriticalSection (0xa6))
[2:58:11 AM] txAdmin: Logger started
[2:58:31 AM] [ktnnL#1] YT_MakemSalty: joined with identifiers [steam:110000146195b8c; license:b1aad01718f2b09e1ddd71216edaae3a4a0e069a; xbl:2535417818630832; live:1055522556527915; discord:785359605185118218; fivem:9148160; license2:b1aad01718f2b09e1ddd71216edaae3a4a0e069a]
[3:03:48 AM] [ktnnL#1] YT_MakemSalty: disconnected (Server->client connection timed out. Last seen 39577 msec ago.)
[3:04:17 AM] txAdmin: Logger started
[3:04:45 AM] [Gqet9#1] YT_MakemSalty: joined with identifiers [steam:110000146195b8c; license:b1aad01718f2b09e1ddd71216edaae3a4a0e069a; xbl:2535417818630832; live:1055522556527915; discord:785359605185118218; fivem:9148160; license2:b1aad01718f2b09e1ddd71216edaae3a4a0e069a]
[3:06:28 AM] [Gqet9#1] YT_MakemSalty: disconnected ([txAdmin] Server restarting (requested by MakemSalty).)
[3:06:39 AM] txAdmin: Logger started
[3:07:28 AM] [PfbX8#1] YT_MakemSalty: joined with identifiers [steam:110000146195b8c; license:b1aad01718f2b09e1ddd71216edaae3a4a0e069a; xbl:2535417818630832; live:1055522556527915; discord:785359605185118218; fivem:9148160; license2:b1aad01718f2b09e1ddd71216edaae3a4a0e069a]
[3:09:01 AM] [PfbX8#1] YT_MakemSalty: disconnected (Server->client connection timed out. Last seen 56313 msec ago.)
[3:09:52 AM] txAdmin: Logger started
[3:10:21 AM] [nCd89#1] YT_MakemSalty: joined with identifiers [steam:110000146195b8c; license:b1aad01718f2b09e1ddd71216edaae3a4a0e069a; xbl:2535417818630832; live:1055522556527915; discord:785359605185118218; fivem:9148160; license2:b1aad01718f2b09e1ddd71216edaae3a4a0e069a]
[3:11:29 AM] [nCd89#1] YT_MakemSalty: disconnected ([txAdmin] Server restarting (requested by MakemSalty).)
[3:11:41 AM] txAdmin: Logger started
[3:12:08 AM] [JYyB6#1] YT_MakemSalty: joined with identifiers [steam:110000146195b8c; license:b1aad01718f2b09e1ddd71216edaae3a4a0e069a; xbl:2535417818630832; live:1055522556527915; discord:785359605185118218; fivem:9148160; license2:b1aad01718f2b09e1ddd71216edaae3a4a0e069a]
[3:12:32 AM] [JYyB6#1] YT_MakemSalty: disconnected (Game crashed: RDR2_b1491.exe!sub_140EDFE70 (0x9))
[3:13:23 AM] txAdmin: Logger started
[3:13:54 AM] [fxe8a#1] YT_MakemSalty: joined with identifiers [steam:110000146195b8c; license:b1aad01718f2b09e1ddd71216edaae3a4a0e069a; xbl:2535417818630832; live:1055522556527915; discord:785359605185118218; fivem:9148160; license2:b1aad01718f2b09e1ddd71216edaae3a4a0e069a]
[3:16:10 AM] [fxe8a#1] YT_MakemSalty: disconnected (Game crashed: RDR2_b1491.exe!sub_142C00CD8 (0x65))
[3:18:40 AM] txAdmin: Logger started
[3:20:09 AM] txAdmin: Logger started
[3:20:41 AM] [FDKYc#1] YT_MakemSalty: joined with identifiers [steam:110000146195b8c; license:b1aad01718f2b09e1ddd71216edaae3a4a0e069a; xbl:2535417818630832; live:1055522556527915; discord:785359605185118218; fivem:9148160; license2:b1aad01718f2b09e1ddd71216edaae3a4a0e069a]
[3:22:11 AM] [FDKYc#1] YT_MakemSalty: disconnected (Server->client connection timed out. Last seen 49181 msec ago.)
[3:41:44 AM] [FDKYc#2] YT_MakemSalty: joined with identifiers [steam:110000146195b8c; license:b1aad01718f2b09e1ddd71216edaae3a4a0e069a; xbl:2535417818630832; live:1055522556527915; discord:785359605185118218; fivem:9148160; license2:b1aad01718f2b09e1ddd71216edaae3a4a0e069a]
[3:44:15 AM] [FDKYc#2] YT_MakemSalty: disconnected (Server->client connection timed out. Last seen 34608 msec ago.)
[3:47:20 AM] txAdmin: Logger started
[3:47:50 AM] [mGKXY#1] YT_MakemSalty: joined with identifiers [steam:110000146195b8c; license:b1aad01718f2b09e1ddd71216edaae3a4a0e069a; xbl:2535417818630832; live:1055522556527915; discord:785359605185118218; fivem:9148160; license2:b1aad01718f2b09e1ddd71216edaae3a4a0e069a]
[3:53:52 AM] [mGKXY#1] YT_MakemSalty: disconnected ([txAdmin] Server restarting (requested by MakemSalty).)
[3:54:03 AM] txAdmin: Logger started
[3:54:32 AM] [Hbh6q#1] YT_MakemSalty: joined with identifiers [steam:110000146195b8c; license:b1aad01718f2b09e1ddd71216edaae3a4a0e069a; xbl:2535417818630832; live:1055522556527915; discord:785359605185118218; fivem:9148160; license2:b1aad01718f2b09e1ddd71216edaae3a4a0e069a]
[3:55:11 AM] [Hbh6q#1] YT_MakemSalty: disconnected (Game crashed: RDR2_b1491.exe!._ZN4rage16audMixerDevicePC7MixLoopEv (0x55))
[3:55:50 AM] [Hbh6q#2] YT_MakemSalty: joined with identifiers [steam:110000146195b8c; license:b1aad01718f2b09e1ddd71216edaae3a4a0e069a; xbl:2535417818630832; live:1055522556527915; discord:785359605185118218; fivem:9148160; license2:b1aad01718f2b09e1ddd71216edaae3a4a0e069a]
[3:58:24 AM] [Hbh6q#2] YT_MakemSalty: disconnected (Server->client connection timed out. Last seen 47015 msec ago.)
[3:59:43 AM] txAdmin: Logger started
[4:00:12 AM] [UnWzf#1] YT_MakemSalty: joined with identifiers [steam:110000146195b8c; license:b1aad01718f2b09e1ddd71216edaae3a4a0e069a; xbl:2535417818630832; live:1055522556527915; discord:785359605185118218; fivem:9148160; license2:b1aad01718f2b09e1ddd71216edaae3a4a0e069a]
[4:02:14 AM] [UnWzf#1] YT_MakemSalty: disconnected (Server->client connection timed out. Last seen 38019 msec ago.)
[4:06:29 AM] txAdmin: Logger started
[4:06:53 AM] [JzHR3#1] YT_MakemSalty: joined with identifiers [steam:110000146195b8c; license:b1aad01718f2b09e1ddd71216edaae3a4a0e069a; xbl:2535417818630832; live:1055522556527915; discord:785359605185118218; fivem:9148160; license2:b1aad01718f2b09e1ddd71216edaae3a4a0e069a]
[4:09:26 AM] [JzHR3#1] YT_MakemSalty: disconnected (Game crashed: RDR2_b1491.exe!._ZN4rage10fwBasePool6DeleteEPv (0x8))
[4:10:35 AM] txAdmin: Logger started
[4:11:26 AM] [rp6FU#1] YT_MakemSalty: joined with identifiers [steam:110000146195b8c; license:b1aad01718f2b09e1ddd71216edaae3a4a0e069a; xbl:2535417818630832; live:1055522556527915; discord:785359605185118218; fivem:9148160; license2:b1aad01718f2b09e1ddd71216edaae3a4a0e069a]
[4:12:10 AM] [rp6FU#1] YT_MakemSalty: disconnected ([txAdmin] Server restarting (requested by MakemSalty).)
[4:12:21 AM] txAdmin: Logger started
[4:12:54 AM] [AiYf8#1] YT_MakemSalty: joined with identifiers [steam:110000146195b8c; license:b1aad01718f2b09e1ddd71216edaae3a4a0e069a; xbl:2535417818630832; live:1055522556527915; discord:785359605185118218; fivem:9148160; license2:b1aad01718f2b09e1ddd71216edaae3a4a0e069a]
[4:16:05 AM] [AiYf8#1] YT_MakemSalty: disconnected ([txAdmin] Server restarting (requested by MakemSalty).)
[4:16:17 AM] txAdmin: Logger started
[4:16:46 AM] [abtd9#1] YT_MakemSalty: joined with identifiers [steam:110000146195b8c; license:b1aad01718f2b09e1ddd71216edaae3a4a0e069a; xbl:2535417818630832; live:1055522556527915; discord:785359605185118218; fivem:9148160; license2:b1aad01718f2b09e1ddd71216edaae3a4a0e069a]
[4:17:44 AM] [abtd9#1] YT_MakemSalty: disconnected ([txAdmin] Server restarting (requested by MakemSalty).)
[4:17:55 AM] txAdmin: Logger started
[4:18:24 AM] [nT7yz#1] YT_MakemSalty: joined with identifiers [steam:110000146195b8c; license:b1aad01718f2b09e1ddd71216edaae3a4a0e069a; xbl:2535417818630832; live:1055522556527915; discord:785359605185118218; fivem:9148160; license2:b1aad01718f2b09e1ddd71216edaae3a4a0e069a]
[4:19:55 AM] [nT7yz#1] YT_MakemSalty: died from suicide (Falling)
[4:22:42 AM] [nT7yz#1] YT_MakemSalty: disconnected (Server->client connection timed out. Last seen 49572 msec ago.)
[4:35:11 AM] txAdmin: Logger started
[4:46:42 AM] [xtHRC#1] YT_MakemSalty: joined with identifiers [steam:110000146195b8c; license:b1aad01718f2b09e1ddd71216edaae3a4a0e069a; xbl:2535417818630832; live:1055522556527915; discord:785359605185118218; fivem:9148160; license2:b1aad01718f2b09e1ddd71216edaae3a4a0e069a]
[4:56:02 AM] [xtHRC#1] YT_MakemSalty: disconnected (Server->client connection timed out. Last seen 34711 msec ago.)
[6:49:23 AM] [xtHRC#2] LSCK10: joined with identifiers [steam:1100001423dfa8f; license:e3a5c2954bff4bf6dc41406f631f5bbfcee50bd8; xbl:2535447720070207; live:914798221007184; fivem:10316987; license2:e3a5c2954bff4bf6dc41406f631f5bbfcee50bd8]
[7:08:28 AM] [xtHRC#2] LSCK10: disconnected (Server->client connection timed out. Last seen 57768 msec ago.)
[8:50:39 AM] [xtHRC#3] Skohornet: joined with identifiers [steam:110000146f8bf63; license:490bd7ae2de50520e79ba434221beee972fb1acb; xbl:2535446141313117; live:985154830048788; discord:820273786376159272; fivem:9346313; license2:490bd7ae2de50520e79ba434221beee972fb1acb]
[9:07:40 AM] [xtHRC#3] Skohornet: disconnected (Exiting)
[11:12:40 AM] [xtHRC#4] benson carlson: joined with identifiers [steam:11000010e475dbd; license:80f349fe8faf8804dda51fd05b91d5316c26adbd; xbl:2533274861288417; live:1688852914431107; discord:982721761575600148; fivem:10648297; license2:80f349fe8faf8804dda51fd05b91d5316c26adbd]
[11:18:25 AM] [xtHRC#4] benson carlson: disconnected (Exiting)
[4:24:59 PM] [xtHRC#5] benson carlson: joined with identifiers [steam:11000010e475dbd; license:80f349fe8faf8804dda51fd05b91d5316c26adbd; xbl:2533274861288417; live:1688852914431107; discord:982721761575600148; fivem:10648297; license2:80f349fe8faf8804dda51fd05b91d5316c26adbd]
[4:32:57 PM] [xtHRC#6] YT_MakemSalty: joined with identifiers [steam:110000146195b8c; license:b1aad01718f2b09e1ddd71216edaae3a4a0e069a; xbl:2535417818630832; live:1055522556527915; discord:785359605185118218; fivem:9148160; license2:b1aad01718f2b09e1ddd71216edaae3a4a0e069a]
[5:08:41 PM] [xtHRC#5] benson carlson: disconnected (Server->client connection timed out. Last seen 32506 msec ago.)
[5:09:33 PM] [xtHRC#6] YT_MakemSalty: disconnected ([txAdmin] Server restarting (requested by MakemSalty).)
[5:09:44 PM] txAdmin: Logger started
[5:10:46 PM] [jpTWc#1] YT_MakemSalty: joined with identifiers [steam:110000146195b8c; license:b1aad01718f2b09e1ddd71216edaae3a4a0e069a; xbl:2535417818630832; live:1055522556527915; discord:785359605185118218; fivem:9148160; license2:b1aad01718f2b09e1ddd71216edaae3a4a0e069a]
[5:16:52 PM] [jpTWc#2] benson carlson: joined with identifiers [steam:11000010e475dbd; license:80f349fe8faf8804dda51fd05b91d5316c26adbd; xbl:2533274861288417; live:1688852914431107; discord:982721761575600148; fivem:10648297; license2:80f349fe8faf8804dda51fd05b91d5316c26adbd]
[5:23:40 PM] [jpTWc#1] YT_MakemSalty: said "ensure rsg weapons"
[5:38:48 PM] [jpTWc#1] YT_MakemSalty: disconnected (Server->client connection timed out. Last seen 33566 msec ago.)
[5:39:20 PM] [jpTWc#3] YT_MakemSalty: joined with identifiers [steam:110000146195b8c; license:b1aad01718f2b09e1ddd71216edaae3a4a0e069a; xbl:2535417818630832; live:1055522556527915; discord:785359605185118218; fivem:9148160; license2:b1aad01718f2b09e1ddd71216edaae3a4a0e069a]
[5:41:22 PM] [jpTWc#2] benson carlson: disconnected (Server->client connection timed out. Last seen 30726 msec ago.)
[5:43:47 PM] [jpTWc#3] YT_MakemSalty: disconnected (Server->client connection timed out. Last seen 40437 msec ago.)
[5:45:17 PM] [jpTWc#4] YT_MakemSalty: joined with identifiers [steam:110000146195b8c; license:b1aad01718f2b09e1ddd71216edaae3a4a0e069a; xbl:2535417818630832; live:1055522556527915; discord:785359605185118218; fivem:9148160; license2:b1aad01718f2b09e1ddd71216edaae3a4a0e069a]
[5:48:27 PM] [jpTWc#4] YT_MakemSalty: said "//ensure rsg-craftingtables"
[5:50:27 PM] [jpTWc#4] YT_MakemSalty: disconnected (Server->client connection timed out. Last seen 53546 msec ago.)
[5:56:00 PM] txAdmin: Logger started
[5:56:36 PM] [DhpzY#1] YT_MakemSalty: joined with identifiers [steam:110000146195b8c; license:b1aad01718f2b09e1ddd71216edaae3a4a0e069a; xbl:2535417818630832; live:1055522556527915; discord:785359605185118218; fivem:9148160; license2:b1aad01718f2b09e1ddd71216edaae3a4a0e069a]
[5:59:25 PM] [DhpzY#1] YT_MakemSalty: said "//ensure rsg-crafttables"
[6:01:19 PM] [DhpzY#1] YT_MakemSalty: said "//ensure rsg-crafttables"
[6:02:07 PM] [DhpzY#1] YT_MakemSalty: disconnected (Server->client connection timed out. Last seen 30507 msec ago.)
[6:10:28 PM] [DhpzY#2] YT_MakemSalty: joined with identifiers [steam:110000146195b8c; license:b1aad01718f2b09e1ddd71216edaae3a4a0e069a; xbl:2535417818630832; live:1055522556527915; discord:785359605185118218; fivem:9148160; license2:b1aad01718f2b09e1ddd71216edaae3a4a0e069a]
[6:48:42 PM] [DhpzY#2] YT_MakemSalty: died from suicide
[6:49:50 PM] [DhpzY#3] LSCK10: joined with identifiers [steam:1100001423dfa8f; license:e3a5c2954bff4bf6dc41406f631f5bbfcee50bd8; xbl:2535447720070207; live:914798221007184; fivem:10316987; license2:e3a5c2954bff4bf6dc41406f631f5bbfcee50bd8]
[7:02:15 PM] [DhpzY#3] LSCK10: died from suicide
[7:11:07 PM] [DhpzY#2] YT_MakemSalty: disconnected (Server->client connection timed out. Last seen 53319 msec ago.)
[7:13:33 PM] [DhpzY#3] LSCK10: died from suicide (Cougar)
[7:15:06 PM] [DhpzY#3] LSCK10: disconnected (Server->client connection timed out. Last seen 31319 msec ago.)
[7:29:34 PM] [DhpzY#4] YT_MakemSalty: joined with identifiers [steam:110000146195b8c; license:b1aad01718f2b09e1ddd71216edaae3a4a0e069a; xbl:2535417818630832; live:1055522556527915; discord:785359605185118218; fivem:9148160; license2:b1aad01718f2b09e1ddd71216edaae3a4a0e069a]
[7:34:32 PM] [DhpzY#4] YT_MakemSalty: disconnected ([txAdmin] Server restarting (requested by MakemSalty).)
[7:34:43 PM] txAdmin: Logger started
[7:38:00 PM] txAdmin: Logger started
[7:39:08 PM] txAdmin: Logger started
[7:39:46 PM] [j6MdT#1] YT_MakemSalty: joined with identifiers [steam:110000146195b8c; license:b1aad01718f2b09e1ddd71216edaae3a4a0e069a; xbl:2535417818630832; live:1055522556527915; discord:785359605185118218; fivem:9148160; license2:b1aad01718f2b09e1ddd71216edaae3a4a0e069a]
[7:43:21 PM] [j6MdT#1] YT_MakemSalty: disconnected (Server->client connection timed out. Last seen 51992 msec ago.)
[7:43:33 PM] [j6MdT#2] YT_MakemSalty: joined with identifiers [steam:110000146195b8c; license:b1aad01718f2b09e1ddd71216edaae3a4a0e069a; xbl:2535417818630832; live:1055522556527915; discord:785359605185118218; fivem:9148160; license2:b1aad01718f2b09e1ddd71216edaae3a4a0e069a]
[8:02:31 PM] [j6MdT#2] YT_MakemSalty: disconnected ([txAdmin] Server restarting (requested by MakemSalty).)
[8:02:42 PM] txAdmin: Logger started
[8:11:33 PM] txAdmin: Logger started
[8:16:48 PM] txAdmin: Logger started
[8:17:36 PM] [8VUVT#1] YT_MakemSalty: joined with identifiers [steam:110000146195b8c; license:b1aad01718f2b09e1ddd71216edaae3a4a0e069a; xbl:2535417818630832; live:1055522556527915; discord:785359605185118218; fivem:9148160; license2:b1aad01718f2b09e1ddd71216edaae3a4a0e069a]
[8:19:36 PM] [8VUVT#1] YT_MakemSalty: disconnected (Server->client connection timed out. Last seen 37488 msec ago.)
[8:21:11 PM] [8VUVT#2] YT_MakemSalty: joined with identifiers [steam:110000146195b8c; license:b1aad01718f2b09e1ddd71216edaae3a4a0e069a; xbl:2535417818630832; live:1055522556527915; discord:785359605185118218; fivem:9148160; license2:b1aad01718f2b09e1ddd71216edaae3a4a0e069a]
[8:25:05 PM] [8VUVT#2] YT_MakemSalty: disconnected ([txAdmin] Server restarting (requested by MakemSalty).)
[8:25:17 PM] txAdmin: Logger started
[8:32:51 PM] txAdmin: Logger started
[8:33:53 PM] [RR8fe#1] YT_MakemSalty: joined with identifiers [steam:110000146195b8c; license:b1aad01718f2b09e1ddd71216edaae3a4a0e069a; xbl:2535417818630832; live:1055522556527915; discord:785359605185118218; fivem:9148160; license2:b1aad01718f2b09e1ddd71216edaae3a4a0e069a]
[8:35:39 PM] [RR8fe#1] YT_MakemSalty: disconnected (Server->client connection timed out. Last seen 42947 msec ago.)
[8:35:49 PM] [RR8fe#2] YT_MakemSalty: joined with identifiers [steam:110000146195b8c; license:b1aad01718f2b09e1ddd71216edaae3a4a0e069a; xbl:2535417818630832; live:1055522556527915; discord:785359605185118218; fivem:9148160; license2:b1aad01718f2b09e1ddd71216edaae3a4a0e069a]
[10:26:44 PM] [RR8fe#2] YT_MakemSalty: disconnected (Server shutting down: SIGHUP received)

================================================================
======== txAdmin Starting - 6/23/2023, 10:27:40 PM              
================================================================
[10:27:52 PM] txAdmin: Logger started
[10:29:41 PM] [UGfWD#1] YT_MakemSalty: joined with identifiers [steam:110000146195b8c; license:b1aad01718f2b09e1ddd71216edaae3a4a0e069a; xbl:2535417818630832; live:1055522556527915; discord:785359605185118218; fivem:9148160; license2:b1aad01718f2b09e1ddd71216edaae3a4a0e069a]
[10:50:21 PM] [UGfWD#2] goin: joined with identifiers [steam:1100001428dfcf6; license:d0cb4627c717599b38fbe07a0632cd57f87833f8; xbl:2535419810675224; live:914801424494435; discord:234467087945433088; license2:d0cb4627c717599b38fbe07a0632cd57f87833f8]
[11:07:22 PM] [UGfWD#1] YT_MakemSalty: disconnected ([txAdmin] Server restarting (requested by MakemSalty).)
[11:07:22 PM] [UGfWD#2] goin: disconnected ([txAdmin] Server restarting (requested by MakemSalty).)
[11:07:33 PM] txAdmin: Logger started
[11:09:13 PM] txAdmin: Logger started
[11:09:58 PM] [FY67g#1] YT_MakemSalty: joined with identifiers [steam:110000146195b8c; license:b1aad01718f2b09e1ddd71216edaae3a4a0e069a; xbl:2535417818630832; live:1055522556527915; discord:785359605185118218; fivem:9148160; license2:b1aad01718f2b09e1ddd71216edaae3a4a0e069a]
[11:10:39 PM] [FY67g#1] YT_MakemSalty: disconnected (Game crashed: RDR2_b1491.exe!._ZN4rage16audMixerDevicePC7MixLoopEv (0x55))
[11:12:12 PM] [FY67g#2] YT_MakemSalty: joined with identifiers [steam:110000146195b8c; license:b1aad01718f2b09e1ddd71216edaae3a4a0e069a; xbl:2535417818630832; live:1055522556527915; discord:785359605185118218; fivem:9148160; license2:b1aad01718f2b09e1ddd71216edaae3a4a0e069a]
[11:14:38 PM] [FY67g#3] goin: joined with identifiers [steam:1100001428dfcf6; license:d0cb4627c717599b38fbe07a0632cd57f87833f8; xbl:2535419810675224; live:914801424494435; discord:234467087945433088; license2:d0cb4627c717599b38fbe07a0632cd57f87833f8]
[11:18:11 PM] [FY67g#4] YouMadThicc: joined with identifiers [steam:11000010db1f7df; license:52b93581b667eabcc9766ed980c542d73bbe958f; xbl:2533274901873906; live:985156635583655; discord:383447967874416652; fivem:10987861; license2:52b93581b667eabcc9766ed980c542d73bbe958f]
[11:23:58 PM] [FY67g#2] YT_MakemSalty: died from unknown by goin
[11:25:54 PM] [FY67g#2] YT_MakemSalty: died from unknown by goin
[11:27:13 PM] [FY67g#4] YouMadThicc: disconnected (Server->client connection timed out. Last seen 40700 msec ago.)
[11:31:05 PM] [FY67g#2] YT_MakemSalty: died from unknown by goin
[11:31:27 PM] [FY67g#2] YT_MakemSalty: died from unknown by goin
[11:33:09 PM] [FY67g#3] goin: died from unknown by YT_MakemSalty
[11:57:02 PM] [FY67g#2] YT_MakemSalty: disconnected (Server->client connection timed out. Last seen 42959 msec ago.)
