
================================================================
======== Log Rotated - 6/26/2023, 12:00:00 AM                   
================================================================
[12:52:48 AM] [hhRWa#8] goin: joined with identifiers [steam:1100001428dfcf6; license:d0cb4627c717599b38fbe07a0632cd57f87833f8; xbl:2535419810675224; live:914801424494435; discord:234467087945433088; license2:d0cb4627c717599b38fbe07a0632cd57f87833f8]
[12:59:06 AM] [hhRWa#9] YT_MakemSalty: joined with identifiers [steam:110000146195b8c; license:b1aad01718f2b09e1ddd71216edaae3a4a0e069a; xbl:2535417818630832; live:1055522556527915; discord:785359605185118218; fivem:9148160; license2:b1aad01718f2b09e1ddd71216edaae3a4a0e069a]
[1:40:41 AM] [hhRWa#8] goin: disconnected ([txAdmin] Server restarting (requested by MakemSalty).)
[1:40:41 AM] [hhRWa#9] YT_MakemSalty: disconnected ([txAdmin] Server restarting (requested by MakemSalty).)
[1:41:10 AM] txAdmin: Logger started
[1:42:59 AM] [Qfqar#1] goin: joined with identifiers [steam:1100001428dfcf6; license:d0cb4627c717599b38fbe07a0632cd57f87833f8; xbl:2535419810675224; live:914801424494435; discord:234467087945433088; license2:d0cb4627c717599b38fbe07a0632cd57f87833f8]
[1:43:07 AM] [Qfqar#2] YT_MakemSalty: joined with identifiers [steam:110000146195b8c; license:b1aad01718f2b09e1ddd71216edaae3a4a0e069a; xbl:2535417818630832; live:1055522556527915; discord:785359605185118218; fivem:9148160; license2:b1aad01718f2b09e1ddd71216edaae3a4a0e069a]
[1:46:33 AM] [Qfqar#1] goin: disconnected (Server->client connection timed out. Last seen 53783 msec ago.)
[1:55:24 AM] [Qfqar#2] YT_MakemSalty: disconnected (Server->client connection timed out. Last seen 40468 msec ago.)
[1:56:39 AM] [Qfqar#3] YT_MakemSalty: joined with identifiers [steam:110000146195b8c; license:b1aad01718f2b09e1ddd71216edaae3a4a0e069a; xbl:2535417818630832; live:1055522556527915; discord:785359605185118218; fivem:9148160; license2:b1aad01718f2b09e1ddd71216edaae3a4a0e069a]
[4:18:40 AM] [Qfqar#3] YT_MakemSalty: disconnected (Server->client connection timed out. Last seen 51874 msec ago.)
[4:16:36 PM] [Qfqar#4] josha: joined with identifiers [license:b1aad01718f2b09e1ddd71216edaae3a4a0e069a; xbl:2535417818630832; live:1055522556527915; discord:785359605185118218; fivem:9148160; license2:b1aad01718f2b09e1ddd71216edaae3a4a0e069a]
[4:21:52 PM] [Qfqar#4] josha: disconnected (Server->client connection timed out. Last seen 42125 msec ago.)
[4:22:44 PM] txAdmin: Logger started
[4:25:09 PM] [cdxx6#1] josha: joined with identifiers [license:b1aad01718f2b09e1ddd71216edaae3a4a0e069a; xbl:2535417818630832; live:1055522556527915; discord:785359605185118218; fivem:9148160; license2:b1aad01718f2b09e1ddd71216edaae3a4a0e069a]
[4:28:22 PM] [cdxx6#1] josha: disconnected (Server->client connection timed out. Last seen 31895 msec ago.)
[10:26:05 PM] [cdxx6#2] YT_MakemSalty: joined with identifiers [steam:110000146195b8c; license:b1aad01718f2b09e1ddd71216edaae3a4a0e069a; xbl:2535417818630832; live:1055522556527915; discord:785359605185118218; fivem:9148160; license2:b1aad01718f2b09e1ddd71216edaae3a4a0e069a]
[10:27:11 PM] [cdxx6#3] Miss Haines: joined with identifiers [steam:110000104462228; license:ff90e76853ba3cb7b61ea53d245df36484577efd; xbl:2533274941981778; live:305077099818027; discord:357930798491369483; fivem:9521097; license2:ff90e76853ba3cb7b61ea53d245df36484577efd]
[10:30:18 PM] [cdxx6#3] Miss Haines: disconnected (Server->client connection timed out. Last seen 52841 msec ago.)
[10:31:21 PM] [cdxx6#2] YT_MakemSalty: disconnected ([txAdmin] Server restarting (requested by MakemSalty).)
[10:31:32 PM] txAdmin: Logger started
[10:32:35 PM] [yzg4f#1] YT_MakemSalty: joined with identifiers [steam:110000146195b8c; license:b1aad01718f2b09e1ddd71216edaae3a4a0e069a; xbl:2535417818630832; live:1055522556527915; discord:785359605185118218; fivem:9148160; license2:b1aad01718f2b09e1ddd71216edaae3a4a0e069a]
[10:35:38 PM] [yzg4f#1] YT_MakemSalty: disconnected (Server->client connection timed out. Last seen 30676 msec ago.)
[11:09:39 PM] [yzg4f#2] Owen240: joined with identifiers [steam:110000107776e38; license:b08cb0e7a9ac1adf6bdd92b5e102afb7cc115be8; xbl:2535457442136128; live:844426079194613; discord:753720793594331269; fivem:10222773; license2:b08cb0e7a9ac1adf6bdd92b5e102afb7cc115be8]
[11:09:49 PM] [yzg4f#3] Xenonaxel: joined with identifiers [steam:110000105da47fa; license:6a66e80860481374a8e87fe0e1d2102ffeaeadd0; xbl:2535463001087065; live:1899946234409106; discord:204741397687959552; license2:6a66e80860481374a8e87fe0e1d2102ffeaeadd0]
[11:17:20 PM] [yzg4f#3] Xenonaxel: disconnected (Server->client connection timed out. Last seen 50353 msec ago.)
[11:17:29 PM] [yzg4f#4] Xenonaxel: joined with identifiers [steam:110000105da47fa; license:6a66e80860481374a8e87fe0e1d2102ffeaeadd0; xbl:2535463001087065; live:1899946234409106; discord:204741397687959552; license2:6a66e80860481374a8e87fe0e1d2102ffeaeadd0]
[11:17:40 PM] [yzg4f#4] Xenonaxel: said "/SKIP"
[11:17:52 PM] [yzg4f#4] Xenonaxel: said "/END MY LIFE"
[11:18:21 PM] [yzg4f#4] Xenonaxel: disconnected (Exiting)
[11:20:37 PM] [yzg4f#2] Owen240: disconnected (Server->client connection timed out. Last seen 47363 msec ago.)
[11:20:52 PM] [yzg4f#5] Owen240: joined with identifiers [steam:110000107776e38; license:b08cb0e7a9ac1adf6bdd92b5e102afb7cc115be8; xbl:2535457442136128; live:844426079194613; discord:753720793594331269; fivem:10222773; license2:b08cb0e7a9ac1adf6bdd92b5e102afb7cc115be8]
[11:21:53 PM] [yzg4f#6] Xenonaxel: joined with identifiers [steam:110000105da47fa; license:6a66e80860481374a8e87fe0e1d2102ffeaeadd0; xbl:2535463001087065; live:1899946234409106; discord:204741397687959552; fivem:5153328; license2:6a66e80860481374a8e87fe0e1d2102ffeaeadd0]
[11:24:06 PM] [yzg4f#6] Xenonaxel: disconnected (Server->client connection timed out. Last seen 58489 msec ago.)
[11:24:40 PM] [yzg4f#5] Owen240: disconnected (Game crashed: RDR2_b1491.exe!._ZN4rage10fwBasePool6DeleteEPv (0x8))
[11:30:29 PM] [yzg4f#7] xenon: joined with identifiers [license:6a66e80860481374a8e87fe0e1d2102ffeaeadd0; xbl:2535463001087065; live:1899946234409106; discord:204741397687959552; fivem:5153328; license2:6a66e80860481374a8e87fe0e1d2102ffeaeadd0]
[11:32:24 PM] [yzg4f#7] xenon: disconnected (Exiting)
[11:52:43 PM] [yzg4f#8] YT_MakemSalty: joined with identifiers [steam:110000146195b8c; license:b1aad01718f2b09e1ddd71216edaae3a4a0e069a; xbl:2535417818630832; live:1055522556527915; discord:785359605185118218; fivem:9148160; license2:b1aad01718f2b09e1ddd71216edaae3a4a0e069a]
